<?xml version="1.0" encoding="UTF-8" ?>
<testsuite errors="0" failures="1" hostname="LAPTOP-TBJLJJJQ" name="repaso.RepasoTest" skipped="0" tests="8" time="0.264" timestamp="2021-09-13T17:20:07">
  <properties>
    <property name="libs.spring-framework300.classpath" value="C:\Program Files\NetBeans-12.0\netbeans\platform\modules\org-apache-commons-logging.jar;C:\Program Files\NetBeans-12.0\netbeans\java\modules\ext\cglib-2.2.jar;C:\Program Files\NetBeans-12.0\netbeans\java\modules\ext\spring-3.0\spring-aop-3.2.18.RELEASE.jar;C:\Program Files\NetBeans-12.0\netbeans\java\modules\ext\spring-3.0\spring-aspects-3.2.18.RELEASE.jar;C:\Program Files\NetBeans-12.0\netbeans\java\modules\ext\spring-3.0\spring-beans-3.2.18.RELEASE.jar;C:\Program Files\NetBeans-12.0\netbeans\java\modules\ext\spring-3.0\spring-context-3.2.18.RELEASE.jar;C:\Program Files\NetBeans-12.0\netbeans\java\modules\ext\spring-3.0\spring-context-support-3.2.18.RELEASE.jar;C:\Program Files\NetBeans-12.0\netbeans\java\modules\ext\spring-3.0\spring-core-3.2.18.RELEASE.jar;C:\Program Files\NetBeans-12.0\netbeans\java\modules\ext\spring-3.0\spring-expression-3.2.18.RELEASE.jar;C:\Program Files\NetBeans-12.0\netbeans\java\modules\ext\spring-3.0\spring-instrument-3.2.18.RELEASE.jar;C:\Program Files\NetBeans-12.0\netbeans\java\modules\ext\spring-3.0\spring-instrument-tomcat-3.2.18.RELEASE.jar;C:\Program Files\NetBeans-12.0\netbeans\java\modules\ext\spring-3.0\spring-jdbc-3.2.18.RELEASE.jar;C:\Program Files\NetBeans-12.0\netbeans\java\modules\ext\spring-3.0\spring-jms-3.2.18.RELEASE.jar;C:\Program Files\NetBeans-12.0\netbeans\java\modules\ext\spring-3.0\spring-orm-3.2.18.RELEASE.jar;C:\Program Files\NetBeans-12.0\netbeans\java\modules\ext\spring-3.0\spring-oxm-3.2.18.RELEASE.jar;C:\Program Files\NetBeans-12.0\netbeans\java\modules\ext\spring-3.0\spring-struts-3.2.18.RELEASE.jar;C:\Program Files\NetBeans-12.0\netbeans\java\modules\ext\spring-3.0\spring-test-3.2.18.RELEASE.jar;C:\Program Files\NetBeans-12.0\netbeans\java\modules\ext\spring-3.0\spring-tx-3.2.18.RELEASE.jar;C:\Program Files\NetBeans-12.0\netbeans\java\modules\ext\spring-3.0\spring-web-3.2.18.RELEASE.jar;C:\Program Files\NetBeans-12.0\netbeans\java\modules\ext\spring-3.0\spring-webmvc-3.2.18.RELEASE.jar;C:\Program Files\NetBeans-12.0\netbeans\java\modules\ext\spring-3.0\spring-webmvc-portlet-3.2.18.RELEASE.jar" />
    <property name="javac.test.classpath" value=":build/classes:C:\Program Files\NetBeans-12.0\netbeans\platform\modules\ext\junit-4.12.jar:C:\Program Files\NetBeans-12.0\netbeans\platform\modules\ext\hamcrest-core-1.3.jar" />
    <property name="java.specification.version" value="16" />
    <property name="jar.index.metainf" value="false" />
    <property name="libs.spring-framework500.classpath" value="C:\Program Files\NetBeans-12.0\netbeans\platform\modules\org-apache-commons-logging.jar;C:\Program Files\NetBeans-12.0\netbeans\java\modules\ext\cglib-2.2.jar;C:\Program Files\NetBeans-12.0\netbeans\java\modules\ext\spring-5\spring-aop-5.2.2.RELEASE.jar;C:\Program Files\NetBeans-12.0\netbeans\java\modules\ext\spring-5\spring-aspects-5.2.2.RELEASE.jar;C:\Program Files\NetBeans-12.0\netbeans\java\modules\ext\spring-5\spring-beans-5.2.2.RELEASE.jar;C:\Program Files\NetBeans-12.0\netbeans\java\modules\ext\spring-5\spring-context-5.2.2.RELEASE.jar;C:\Program Files\NetBeans-12.0\netbeans\java\modules\ext\spring-5\spring-context-indexer-5.2.2.RELEASE.jar;C:\Program Files\NetBeans-12.0\netbeans\java\modules\ext\spring-5\spring-context-support-5.2.2.RELEASE.jar;C:\Program Files\NetBeans-12.0\netbeans\java\modules\ext\spring-5\spring-core-5.2.2.RELEASE.jar;C:\Program Files\NetBeans-12.0\netbeans\java\modules\ext\spring-5\spring-expression-5.2.2.RELEASE.jar;C:\Program Files\NetBeans-12.0\netbeans\java\modules\ext\spring-5\spring-instrument-5.2.2.RELEASE.jar;C:\Program Files\NetBeans-12.0\netbeans\java\modules\ext\spring-5\spring-jcl-5.2.2.RELEASE.jar;C:\Program Files\NetBeans-12.0\netbeans\java\modules\ext\spring-5\spring-jdbc-5.2.2.RELEASE.jar;C:\Program Files\NetBeans-12.0\netbeans\java\modules\ext\spring-5\spring-jms-5.2.2.RELEASE.jar;C:\Program Files\NetBeans-12.0\netbeans\java\modules\ext\spring-5\spring-messaging-5.2.2.RELEASE.jar;C:\Program Files\NetBeans-12.0\netbeans\java\modules\ext\spring-5\spring-orm-5.2.2.RELEASE.jar;C:\Program Files\NetBeans-12.0\netbeans\java\modules\ext\spring-5\spring-oxm-5.2.2.RELEASE.jar;C:\Program Files\NetBeans-12.0\netbeans\java\modules\ext\spring-5\spring-test-5.2.2.RELEASE.jar;C:\Program Files\NetBeans-12.0\netbeans\java\modules\ext\spring-5\spring-tx-5.2.2.RELEASE.jar;C:\Program Files\NetBeans-12.0\netbeans\java\modules\ext\spring-5\spring-web-5.2.2.RELEASE.jar;C:\Program Files\NetBeans-12.0\netbeans\java\modules\ext\spring-5\spring-webflux-5.2.2.RELEASE.jar;C:\Program Files\NetBeans-12.0\netbeans\java\modules\ext\spring-5\spring-webmvc-5.2.2.RELEASE.jar;C:\Program Files\NetBeans-12.0\netbeans\java\modules\ext\spring-5\spring-websocket-5.2.2.RELEASE.jar" />
    <property name="libs.spring-framework400.classpath" value="C:\Program Files\NetBeans-12.0\netbeans\platform\modules\org-apache-commons-logging.jar;C:\Program Files\NetBeans-12.0\netbeans\java\modules\ext\cglib-2.2.jar;C:\Program Files\NetBeans-12.0\netbeans\java\modules\ext\spring-4\spring-aop-4.3.25.RELEASE.jar;C:\Program Files\NetBeans-12.0\netbeans\java\modules\ext\spring-4\spring-aspects-4.3.25.RELEASE.jar;C:\Program Files\NetBeans-12.0\netbeans\java\modules\ext\spring-4\spring-beans-4.3.25.RELEASE.jar;C:\Program Files\NetBeans-12.0\netbeans\java\modules\ext\spring-4\spring-context-4.3.25.RELEASE.jar;C:\Program Files\NetBeans-12.0\netbeans\java\modules\ext\spring-4\spring-context-support-4.3.25.RELEASE.jar;C:\Program Files\NetBeans-12.0\netbeans\java\modules\ext\spring-4\spring-core-4.3.25.RELEASE.jar;C:\Program Files\NetBeans-12.0\netbeans\java\modules\ext\spring-4\spring-expression-4.3.25.RELEASE.jar;C:\Program Files\NetBeans-12.0\netbeans\java\modules\ext\spring-4\spring-instrument-4.3.25.RELEASE.jar;C:\Program Files\NetBeans-12.0\netbeans\java\modules\ext\spring-4\spring-instrument-tomcat-4.3.25.RELEASE.jar;C:\Program Files\NetBeans-12.0\netbeans\java\modules\ext\spring-4\spring-jdbc-4.3.25.RELEASE.jar;C:\Program Files\NetBeans-12.0\netbeans\java\modules\ext\spring-4\spring-jms-4.3.25.RELEASE.jar;C:\Program Files\NetBeans-12.0\netbeans\java\modules\ext\spring-4\spring-messaging-4.3.25.RELEASE.jar;C:\Program Files\NetBeans-12.0\netbeans\java\modules\ext\spring-4\spring-orm-4.3.25.RELEASE.jar;C:\Program Files\NetBeans-12.0\netbeans\java\modules\ext\spring-4\spring-oxm-4.3.25.RELEASE.jar;C:\Program Files\NetBeans-12.0\netbeans\java\modules\ext\spring-4\spring-test-4.3.25.RELEASE.jar;C:\Program Files\NetBeans-12.0\netbeans\java\modules\ext\spring-4\spring-tx-4.3.25.RELEASE.jar;C:\Program Files\NetBeans-12.0\netbeans\java\modules\ext\spring-4\spring-web-4.3.25.RELEASE.jar;C:\Program Files\NetBeans-12.0\netbeans\java\modules\ext\spring-4\spring-webmvc-4.3.25.RELEASE.jar;C:\Program Files\NetBeans-12.0\netbeans\java\modules\ext\spring-4\spring-webmvc-portlet-4.3.25.RELEASE.jar;C:\Program Files\NetBeans-12.0\netbeans\java\modules\ext\spring-4\spring-websocket-4.3.25.RELEASE.jar" />
    <property name="libs.spring-webmvc4.0.javadoc" value="" />
    <property name="test.binaryincludes" value="&lt;nothing&gt;" />
    <property name="do.jlink" value="false" />
    <property name="debug-transport" value="dt_shmem" />
    <property name="libs.javaee-web-api-8.0.src" value="" />
    <property name="java.vendor.url" value="https://java.oracle.com/" />
    <property name="debug.modulepath" value="" />
    <property name="libs.jsp-compilation.src" value="" />
    <property name="libs.eclipselink.javadoc" value="C:\Program Files\NetBeans-12.0\netbeans\java\modules\ext\docs\javax.persistence-2.1.0-doc.zip" />
    <property name="libs.JWSAntTasks.javadoc" value="" />
    <property name="sun.boot.library.path" value="C:\Users\kingo\jdk-16.0.2\bin" />
    <property name="platform.home" value="C:\Users\kingo\jdk-16.0.2" />
    <property name="sun.java.command" value="org.apache.tools.ant.taskdefs.optional.junit.JUnitTestRunner repaso.RepasoTest skipNonTests=false filtertrace=true haltOnError=false haltOnFailure=false showoutput=true outputtoformatters=true logfailedtests=true threadid=0 logtestlistenerevents=true formatter=org.apache.tools.ant.taskdefs.optional.junit.BriefJUnitResultFormatter formatter=org.apache.tools.ant.taskdefs.optional.junit.XMLJUnitResultFormatter,C:\Users\kingo\Desktop\Pr치cticas-AEDII\Repaso\build\test\results\TEST-repaso.RepasoTest.xml crashfile=C:\Users\kingo\Desktop\Pr치cticas-AEDII\Repaso\build\junitvmwatcher11029055314317868543.properties propsfile=C:\Users\kingo\Desktop\Pr치cticas-AEDII\Repaso\build\junit4078277065101460235.properties" />
    <property name="jdk.debug" value="release" />
    <property name="libs.spring-framework300.src" value="" />
    <property name="javadoc.use" value="true" />
    <property name="libs.javac-api.maven-pom" value="" />
    <property name="javadoc.notree" value="false" />
    <property name="basedir" value="C:\Users\kingo\Desktop\Pr치cticas-AEDII\Repaso" />
    <property name="application.vendor" value="kingo" />
    <property name="java.specification.name" value="Java Platform API Specification" />
    <property name="java.vm.specification.vendor" value="Oracle Corporation" />
    <property name="libs.javac-api.javadoc" value="" />
    <property name="libs.jsf20.classpath" value="C:\Program Files\NetBeans-12.0\netbeans\enterprise\modules\ext\jsf-2_2\javax.faces.jar" />
    <property name="netbeans.extbrowser.manual_chrome_plugin_install" value="yes" />
    <property name="netbeans.default_userdir_root" value="C:\Users\kingo\AppData\Roaming\NetBeans" />
    <property name="libs.spring-framework500.javadoc" value="" />
    <property name="libs.jsp-compilation-syscp.src" value="" />
    <property name="jdk.home" value="C:/Users/kingo/jdk-15.0.2" />
    <property name="java.runtime.version" value="16.0.2+7-67" />
    <property name="libs.eclipselink.maven-pom" value="" />
    <property name="libs.metro.maven-pom" value="" />
    <property name="libs.JAXB-ENDORSED.javadoc" value="" />
    <property name="platform.bootcp" value="C:\Users\kingo\jdk-16.0.2\!/modules/java.base/;C:\Users\kingo\jdk-16.0.2\!/modules/java.compiler/;C:\Users\kingo\jdk-16.0.2\!/modules/java.datatransfer/;C:\Users\kingo\jdk-16.0.2\!/modules/java.desktop/;C:\Users\kingo\jdk-16.0.2\!/modules/java.instrument/;C:\Users\kingo\jdk-16.0.2\!/modules/java.logging/;C:\Users\kingo\jdk-16.0.2\!/modules/java.management/;C:\Users\kingo\jdk-16.0.2\!/modules/java.management.rmi/;C:\Users\kingo\jdk-16.0.2\!/modules/java.naming/;C:\Users\kingo\jdk-16.0.2\!/modules/java.net.http/;C:\Users\kingo\jdk-16.0.2\!/modules/java.prefs/;C:\Users\kingo\jdk-16.0.2\!/modules/java.rmi/;C:\Users\kingo\jdk-16.0.2\!/modules/java.scripting/;C:\Users\kingo\jdk-16.0.2\!/modules/java.se/;C:\Users\kingo\jdk-16.0.2\!/modules/java.security.jgss/;C:\Users\kingo\jdk-16.0.2\!/modules/java.security.sasl/;C:\Users\kingo\jdk-16.0.2\!/modules/java.smartcardio/;C:\Users\kingo\jdk-16.0.2\!/modules/java.sql/;C:\Users\kingo\jdk-16.0.2\!/modules/java.sql.rowset/;C:\Users\kingo\jdk-16.0.2\!/modules/java.transaction.xa/;C:\Users\kingo\jdk-16.0.2\!/modules/java.xml/;C:\Users\kingo\jdk-16.0.2\!/modules/java.xml.crypto/;C:\Users\kingo\jdk-16.0.2\!/modules/jdk.accessibility/;C:\Users\kingo\jdk-16.0.2\!/modules/jdk.attach/;C:\Users\kingo\jdk-16.0.2\!/modules/jdk.charsets/;C:\Users\kingo\jdk-16.0.2\!/modules/jdk.compiler/;C:\Users\kingo\jdk-16.0.2\!/modules/jdk.crypto.cryptoki/;C:\Users\kingo\jdk-16.0.2\!/modules/jdk.crypto.ec/;C:\Users\kingo\jdk-16.0.2\!/modules/jdk.crypto.mscapi/;C:\Users\kingo\jdk-16.0.2\!/modules/jdk.dynalink/;C:\Users\kingo\jdk-16.0.2\!/modules/jdk.editpad/;C:\Users\kingo\jdk-16.0.2\!/modules/jdk.hotspot.agent/;C:\Users\kingo\jdk-16.0.2\!/modules/jdk.httpserver/;C:\Users\kingo\jdk-16.0.2\!/modules/jdk.incubator.foreign/;C:\Users\kingo\jdk-16.0.2\!/modules/jdk.incubator.vector/;C:\Users\kingo\jdk-16.0.2\!/modules/jdk.internal.ed/;C:\Users\kingo\jdk-16.0.2\!/modules/jdk.internal.jvmstat/;C:\Users\kingo\jdk-16.0.2\!/modules/jdk.internal.le/;C:\Users\kingo\jdk-16.0.2\!/modules/jdk.internal.opt/;C:\Users\kingo\jdk-16.0.2\!/modules/jdk.internal.vm.ci/;C:\Users\kingo\jdk-16.0.2\!/modules/jdk.jartool/;C:\Users\kingo\jdk-16.0.2\!/modules/jdk.javadoc/;C:\Users\kingo\jdk-16.0.2\!/modules/jdk.jcmd/;C:\Users\kingo\jdk-16.0.2\!/modules/jdk.jconsole/;C:\Users\kingo\jdk-16.0.2\!/modules/jdk.jdeps/;C:\Users\kingo\jdk-16.0.2\!/modules/jdk.jdi/;C:\Users\kingo\jdk-16.0.2\!/modules/jdk.jdwp.agent/;C:\Users\kingo\jdk-16.0.2\!/modules/jdk.jfr/;C:\Users\kingo\jdk-16.0.2\!/modules/jdk.jlink/;C:\Users\kingo\jdk-16.0.2\!/modules/jdk.jpackage/;C:\Users\kingo\jdk-16.0.2\!/modules/jdk.jshell/;C:\Users\kingo\jdk-16.0.2\!/modules/jdk.jsobject/;C:\Users\kingo\jdk-16.0.2\!/modules/jdk.jstatd/;C:\Users\kingo\jdk-16.0.2\!/modules/jdk.localedata/;C:\Users\kingo\jdk-16.0.2\!/modules/jdk.management/;C:\Users\kingo\jdk-16.0.2\!/modules/jdk.management.agent/;C:\Users\kingo\jdk-16.0.2\!/modules/jdk.management.jfr/;C:\Users\kingo\jdk-16.0.2\!/modules/jdk.naming.dns/;C:\Users\kingo\jdk-16.0.2\!/modules/jdk.naming.rmi/;C:\Users\kingo\jdk-16.0.2\!/modules/jdk.net/;C:\Users\kingo\jdk-16.0.2\!/modules/jdk.nio.mapmode/;C:\Users\kingo\jdk-16.0.2\!/modules/jdk.sctp/;C:\Users\kingo\jdk-16.0.2\!/modules/jdk.security.auth/;C:\Users\kingo\jdk-16.0.2\!/modules/jdk.security.jgss/;C:\Users\kingo\jdk-16.0.2\!/modules/jdk.unsupported/;C:\Users\kingo\jdk-16.0.2\!/modules/jdk.unsupported.desktop/;C:\Users\kingo\jdk-16.0.2\!/modules/jdk.xml.dom/;C:\Users\kingo\jdk-16.0.2\!/modules/jdk.zipfs/" />
    <property name="sun.java2d.noddraw" value="true" />
    <property name="sun.zip.disableMemoryMapping" value="true" />
    <property name="libs.maven-dependencies.maven-pom" value="" />
    <property name="jnidispatch.path" value="C:\Users\kingo\AppData\Local\Temp\jna-102053816\jna17415896762454537748.dll" />
    <property name="libs.jsf12.src" value="" />
    <property name="libs.jsp-compilation.javadoc" value="" />
    <property name="libs.primefaces.javadoc" value="" />
    <property name="libs.groovy-all.maven-pom" value="" />
    <property name="libs.restapi.src" value="" />
    <property name="libs.junit_5.javadoc" value="C:\Program Files\NetBeans-12.0\netbeans\platform\docs\junit-jupiter-api-5.6.0-javadoc.jar;C:\Program Files\NetBeans-12.0\netbeans\platform\docs\junit-jupiter-params-5.6.0-javadoc.jar;C:\Program Files\NetBeans-12.0\netbeans\platform\docs\junit-jupiter-engine-5.6.0-javadoc.jar" />
    <property name="dist.archive.excludes" value="" />
    <property name="java.io.tmpdir" value="C:\Users\kingo\AppData\Local\Temp\" />
    <property name="java.version" value="16.0.2" />
    <property name="java.vm.specification.name" value="Java Virtual Machine Specification" />
    <property name="java.library.path" value="C:\Users\kingo\jdk-16.0.2\bin;C:\WINDOWS\Sun\Java\bin;C:\WINDOWS\system32;C:\WINDOWS;C:\Python39\Scripts\;C:\Python39\;C:\Program Files (x86)\Common Files\Oracle\Java\javapath;C:\WINDOWS\system32;C:\WINDOWS;C:\WINDOWS\System32\Wbem;C:\WINDOWS\System32\WindowsPowerShell\v1.0\;C:\WINDOWS\System32\OpenSSH\;C:\Users\kingo\AppData\Roaming\nvm;C:\Program Files\nodejs;C:\ProgramData\chocolatey\bin;C:\Program Files\Git\cmd;C:\Program Files\Go\bin;C:\Users\kingo\.cargo\bin;C:\Users\kingo\AppData\Local\Microsoft\WindowsApps;C:\Users\kingo\AppData\Local\Programs\Microsoft VS Code\bin;C:\Users\kingo\AppData\Roaming\Neovim\bin;C:\Users\kingo\AppData\Roaming\nvm;C:\Program Files\nodejs;C:\MinGW\bin;C:\Users\kingo\AppData\Roaming\cabal\bin;C:\ProgramData\chocolatey\lib\ghc\tools\ghc-8.10.2\bin;C:\tools\msys64;C:\Program Files\CMake\bin;C:\Users\kingo\AppData\Local\GitHubDesktop\bin;C:\Program Files\LLVM\bin;C:\tools\ghc-9.0.1\bin;C:\Users\kingo\go\bin;." />
    <property name="libs.hamcrest.src" value="" />
    <property name="java.vendor" value="Oracle Corporation" />
    <property name="libs.groovy-all.src" value="" />
    <property name="libs.testng.javadoc" value="C:\Program Files\NetBeans-12.0\netbeans\platform\docs\testng-6.8.1-javadoc.zip" />
    <property name="meta.inf.dir" value="src/META-INF" />
    <property name="run.upgrademodulepath" value="" />
    <property name="compile.on.save" value="true" />
    <property name="jlink.additionalparam" value="" />
    <property name="libs.testng.maven-pom" value="" />
    <property name="org.openide.version" value="deprecated" />
    <property name="test.includes" value="repaso/RepasoTest.java" />
    <property name="run.classpath" value=":build/classes" />
    <property name="libs.jaxb.src" value="" />
    <property name="test.src.dir" value="test" />
    <property name="sun.awt.enableExtraMouseButtons" value="true" />
    <property name="org.openide.major.version" value="IDE/1" />
    <property name="libs.spring-framework300.javadoc" value="" />
    <property name="ant.file.type.Repaso-impl" value="file" />
    <property name="ap.proc.none.internal" value="" />
    <property name="org.openide.specification.version" value="6.2" />
    <property name="user.timezone" value="Europe/Madrid" />
    <property name="jar.index" value="false" />
    <property name="libs.jpa20-persistence.classpath" value="C:\Program Files\NetBeans-12.0\netbeans\java\modules\ext\eclipselink\javax.persistence-2.1.0.jar" />
    <property name="libs.eclipselinkmodelgen.javadoc" value="" />
    <property name="libs.junit_5.classpath" value="C:\Program Files\NetBeans-12.0\netbeans\platform\modules\ext\junit-jupiter-api-5.6.0.jar;C:\Program Files\NetBeans-12.0\netbeans\platform\modules\ext\junit-jupiter-params-5.6.0.jar;C:\Program Files\NetBeans-12.0\netbeans\platform\modules\ext\junit-jupiter-engine-5.6.0.jar" />
    <property name="java.vm.specification.version" value="16" />
    <property name="javadoc.noindex" value="false" />
    <property name="javadoc.private" value="false" />
    <property name="libs.spring-webmvc4.0.maven-pom" value="" />
    <property name="libs.JAXB-ENDORSED.maven-pom" value="" />
    <property name="user.home" value="C:\Users\kingo" />
    <property name="libs.eclipselinkmodelgen.maven-pom" value="" />
    <property name="have.sources" value="true" />
    <property name="annotation.processing.processors.list" value="" />
    <property name="javac.deprecation" value="false" />
    <property name="jlink.launcher" value="true" />
    <property name="platform.javac" value="C:\Users\kingo\jdk-16.0.2/bin/javac" />
    <property name="build.generated.sources.dir" value="build/generated-sources" />
    <property name="plugin.manager.check.updates" value="false" />
    <property name="netbeans.autoupdate.language" value="es" />
    <property name="libs.eclipselinkmodelgen.src" value="" />
    <property name="build.compiler.emacs" value="true" />
    <property name="build.classes.excludes" value="**/*.java,**/*.form" />
    <property name="dist.jar" value="dist/Repaso.jar" />
    <property name="libs.spring-webmvc4.0.classpath" value="C:\Program Files\NetBeans-12.0\netbeans\java\modules\ext\spring-4\spring-webmvc-4.3.25.RELEASE.jar" />
    <property name="modules.supported.internal" value="true" />
    <property name="libs.javaee-endorsed-api-7.0.javadoc" value="C:\Program Files\NetBeans-12.0\netbeans\enterprise\docs\javaee-doc-api.jar" />
    <property name="os.version" value="10.0" />
    <property name="netbeans.home" value="C:\Program Files\NetBeans-12.0\netbeans\platform" />
    <property name="libs.CopyLibs.javadoc" value="" />
    <property name="debug-transport-by-os" value="dt_shmem" />
    <property name="libs.jsf20.src" value="" />
    <property name="libs.javaee-api-8.0.javadoc" value="C:\Program Files\NetBeans-12.0\netbeans\enterprise\docs\javaee-doc-api.jar" />
    <property name="java.vm.name" value="Java HotSpot(TM) 64-Bit Server VM" />
    <property name="unnamed.module.internal" value="true" />
    <property name="libs.jstl.javadoc" value="C:\Program Files\NetBeans-12.0\netbeans\enterprise\docs\javaee-doc-api.jar" />
    <property name="libs.javaee-endorsed-api-7.0.maven-pom" value="" />
    <property name="libs.jaxws21.classpath" value="C:\Program Files\NetBeans-12.0\netbeans\ide\modules\ext\jaxb\jaxb-impl.jar;C:\Program Files\NetBeans-12.0\netbeans\ide\modules\ext\jaxb\jaxb-xjc.jar;C:\Program Files\NetBeans-12.0\netbeans\java\modules\ext\jaxws22\FastInfoset.jar;C:\Program Files\NetBeans-12.0\netbeans\java\modules\ext\jaxws22\gmbal-api-only.jar;C:\Program Files\NetBeans-12.0\netbeans\java\modules\ext\jaxws22\ha-api.jar;C:\Program Files\NetBeans-12.0\netbeans\java\modules\ext\jaxws22\javax.mail_1.4.jar;C:\Program Files\NetBeans-12.0\netbeans\java\modules\ext\jaxws22\jaxws-rt.jar;C:\Program Files\NetBeans-12.0\netbeans\java\modules\ext\jaxws22\jaxws-tools.jar;C:\Program Files\NetBeans-12.0\netbeans\java\modules\ext\jaxws22\management-api.jar;C:\Program Files\NetBeans-12.0\netbeans\java\modules\ext\jaxws22\mimepull.jar;C:\Program Files\NetBeans-12.0\netbeans\java\modules\ext\jaxws22\policy.jar;C:\Program Files\NetBeans-12.0\netbeans\java\modules\ext\jaxws22\saaj-impl.jar;C:\Program Files\NetBeans-12.0\netbeans\java\modules\ext\jaxws22\stax-ex.jar;C:\Program Files\NetBeans-12.0\netbeans\java\modules\ext\jaxws22\stax2-api.jar;C:\Program Files\NetBeans-12.0\netbeans\java\modules\ext\jaxws22\streambuffer.jar;C:\Program Files\NetBeans-12.0\netbeans\java\modules\ext\jaxws22\woodstox-core-asl.jar;C:\Program Files\NetBeans-12.0\netbeans\java\modules\ext\jaxws22\api\jaxws-api.jar;C:\Program Files\NetBeans-12.0\netbeans\java\modules\ext\jaxws22\api\jsr181-api.jar;C:\Program Files\NetBeans-12.0\netbeans\java\modules\ext\jaxws22\api\javax.annotation.jar;C:\Program Files\NetBeans-12.0\netbeans\java\modules\ext\jaxws22\api\saaj-api.jar;C:\Program Files\NetBeans-12.0\netbeans\ide\modules\ext\jaxb\activation.jar;C:\Program Files\NetBeans-12.0\netbeans\ide\modules\ext\jaxb\api\jaxb-api.jar" />
    <property name="libs.restapi.classpath" value="C:\Program Files\NetBeans-12.0\netbeans\enterprise\modules\ext\jaxrs-2.0\javax.ws.rs-api-2.0.jar" />
    <property name="os.arch" value="amd64" />
    <property name="build.generated.dir" value="build/generated" />
    <property name="libs.groovy-all.javadoc" value="" />
    <property name="libs.javaee-web-api-7.0.javadoc" value="C:\Program Files\NetBeans-12.0\netbeans\enterprise\docs\javaee-doc-api.jar" />
    <property name="libs.jsf12.maven-pom" value="" />
    <property name="libs.javaee-endorsed-api-7.0.classpath" value="C:\Program Files\NetBeans-12.0\netbeans\enterprise\modules\ext\javaee7-endorsed\javax.annotation-api.jar;C:\Program Files\NetBeans-12.0\netbeans\enterprise\modules\ext\javaee7-endorsed\javax.xml.soap-api.jar;C:\Program Files\NetBeans-12.0\netbeans\enterprise\modules\ext\javaee7-endorsed\jaxb-api-osgi.jar;C:\Program Files\NetBeans-12.0\netbeans\enterprise\modules\ext\javaee7-endorsed\jaxws-api.jar;C:\Program Files\NetBeans-12.0\netbeans\enterprise\modules\ext\javaee7-endorsed\jsr181-api.jar" />
    <property name="libs.primefaces.maven-pom" value="" />
    <property name="org.netbeans.io.suspend" value="0" />
    <property name="ant.project.name" value="Repaso" />
    <property name="dist.javadoc.dir" value="dist/javadoc" />
    <property name="default.javac.target" value="15" />
    <property name="libs.eclipselink.classpath" value="C:\Program Files\NetBeans-12.0\netbeans\java\modules\ext\eclipselink\org.eclipse.persistence.core-2.5.2.jar;C:\Program Files\NetBeans-12.0\netbeans\java\modules\ext\eclipselink\org.eclipse.persistence.asm-2.5.2.jar;C:\Program Files\NetBeans-12.0\netbeans\java\modules\ext\eclipselink\org.eclipse.persistence.antlr-2.5.2.jar;C:\Program Files\NetBeans-12.0\netbeans\java\modules\ext\eclipselink\org.eclipse.persistence.jpa-2.5.2.jar;C:\Program Files\NetBeans-12.0\netbeans\java\modules\ext\eclipselink\org.eclipse.persistence.jpa.jpql-2.5.2.jar;C:\Program Files\NetBeans-12.0\netbeans\java\modules\ext\eclipselink\javax.persistence-2.1.0.jar" />
    <property name="libs.javac-api.classpath" value="" />
    <property name="libs.struts.classpath" value="C:\Program Files\NetBeans-12.0\netbeans\enterprise\modules\ext\struts\antlr-2.7.2.jar;C:\Program Files\NetBeans-12.0\netbeans\enterprise\modules\ext\struts\bsf-2.3.0.jar;C:\Program Files\NetBeans-12.0\netbeans\enterprise\modules\ext\struts\commons-beanutils-1.8.0.jar;C:\Program Files\NetBeans-12.0\netbeans\enterprise\modules\ext\struts\commons-chain-1.2.jar;C:\Program Files\NetBeans-12.0\netbeans\enterprise\modules\ext\struts\commons-digester-1.8.jar;C:\Program Files\NetBeans-12.0\netbeans\enterprise\modules\ext\struts\commons-fileupload-1.1.1.jar;C:\Program Files\NetBeans-12.0\netbeans\enterprise\modules\ext\struts\commons-io-1.1.jar;C:\Program Files\NetBeans-12.0\netbeans\enterprise\modules\ext\struts\commons-logging-1.0.4.jar;C:\Program Files\NetBeans-12.0\netbeans\enterprise\modules\ext\struts\commons-validator-1.3.1.jar;C:\Program Files\NetBeans-12.0\netbeans\enterprise\modules\ext\struts\jstl-1.0.2.jar;C:\Program Files\NetBeans-12.0\netbeans\enterprise\modules\ext\struts\oro-2.0.8.jar;C:\Program Files\NetBeans-12.0\netbeans\enterprise\modules\ext\struts\standard-1.0.6.jar;C:\Program Files\NetBeans-12.0\netbeans\enterprise\modules\ext\struts\struts-core-1.3.10.jar;C:\Program Files\NetBeans-12.0\netbeans\enterprise\modules\ext\struts\struts-el-1.3.10.jar;C:\Program Files\NetBeans-12.0\netbeans\enterprise\modules\ext\struts\struts-extras-1.3.10.jar;C:\Program Files\NetBeans-12.0\netbeans\enterprise\modules\ext\struts\struts-faces-1.3.10.jar;C:\Program Files\NetBeans-12.0\netbeans\enterprise\modules\ext\struts\struts-mailreader-dao-1.3.10.jar;C:\Program Files\NetBeans-12.0\netbeans\enterprise\modules\ext\struts\struts-scripting-1.3.10.jar;C:\Program Files\NetBeans-12.0\netbeans\enterprise\modules\ext\struts\struts-taglib-1.3.10.jar;C:\Program Files\NetBeans-12.0\netbeans\enterprise\modules\ext\struts\struts-tiles-1.3.10.jar" />
    <property name="libs.PostgreSQLDriver.maven-pom" value="" />
    <property name="libs.absolutelayout.src" value="" />
    <property name="testng.mode" value="testng" />
    <property name="annotation.processing.enabled.in.editor" value="false" />
    <property name="java.vm.compressedOopsMode" value="32-bit" />
    <property name="netbeans.productversion" value="Apache NetBeans IDE 12.0" />
    <property name="mkdist.disabled" value="false" />
    <property name="libs.javaee-web-api-6.0.javadoc" value="C:\Program Files\NetBeans-12.0\netbeans\enterprise\docs\javaee-doc-api.jar" />
    <property name="libs.javaee-api-7.0.maven-pom" value="" />
    <property name="libs.groovy-all.classpath" value="C:\Program Files\NetBeans-12.0\netbeans\groovy\modules\ext\groovy.jar;C:\Program Files\NetBeans-12.0\netbeans\groovy\modules\ext\groovy-ant.jar" />
    <property name="libs.absolutelayout.javadoc" value="" />
    <property name="module.build.classes.dir" value="build/classes" />
    <property name="annotation.processing.processor.options" value="" />
    <property name="libs.jaxb.maven-pom" value="" />
    <property name="libs.javaee-api-6.0.maven-pom" value="" />
    <property name="dist.dir" value="dist" />
    <property name="build.dir" value="build" />
    <property name="netbeans.autoupdate.variant" value="" />
    <property name="javadoc.version" value="false" />
    <property name="libs.metro.classpath" value="C:\Program Files\NetBeans-12.0\netbeans\ide\modules\ext\jaxb\activation.jar;C:\Program Files\NetBeans-12.0\netbeans\enterprise\modules\ext\metro\webservices-api.jar;C:\Program Files\NetBeans-12.0\netbeans\enterprise\modules\ext\metro\webservices-extra-api.jar;C:\Program Files\NetBeans-12.0\netbeans\enterprise\modules\ext\metro\webservices-extra.jar;C:\Program Files\NetBeans-12.0\netbeans\enterprise\modules\ext\metro\webservices-rt.jar;C:\Program Files\NetBeans-12.0\netbeans\enterprise\modules\ext\metro\webservices-tools.jar" />
    <property name="libs.metro.src" value="" />
    <property name="libs.CopyLibs.classpath" value="C:\Program Files\NetBeans-12.0\netbeans\java\ant\extra\org-netbeans-modules-java-j2seproject-copylibstask.jar" />
    <property name="sun.os.patch.level" value="" />
    <property name="javadoc.html5" value="false" />
    <property name="javac.test.processorpath" value=":build/classes:C:\Program Files\NetBeans-12.0\netbeans\platform\modules\ext\junit-4.12.jar:C:\Program Files\NetBeans-12.0\netbeans\platform\modules\ext\hamcrest-core-1.3.jar" />
    <property name="libs.javaee-web-api-7.0.maven-pom" value="" />
    <property name="libs.javaee-web-api-8.0.maven-pom" value="" />
    <property name="netbeans.dirs" value="C:\Program Files\NetBeans-12.0\netbeans\nb;C:\Program Files\NetBeans-12.0\netbeans\ergonomics;C:\Program Files\NetBeans-12.0\netbeans\ide;C:\Program Files\NetBeans-12.0\netbeans\extide;C:\Program Files\NetBeans-12.0\netbeans\java;C:\Program Files\NetBeans-12.0\netbeans\apisupport;C:\Program Files\NetBeans-12.0\netbeans\webcommon;C:\Program Files\NetBeans-12.0\netbeans\websvccommon;C:\Program Files\NetBeans-12.0\netbeans\enterprise;C:\Program Files\NetBeans-12.0\netbeans\mobility;C:\Program Files\NetBeans-12.0\netbeans\profiler;C:\Program Files\NetBeans-12.0\netbeans\python;C:\Program Files\NetBeans-12.0\netbeans\php;C:\Program Files\NetBeans-12.0\netbeans\identity;C:\Program Files\NetBeans-12.0\netbeans\harness;C:\Program Files\NetBeans-12.0\netbeans\cnd;C:\Program Files\NetBeans-12.0\netbeans\cndext;C:\Program Files\NetBeans-12.0\netbeans\dlight;C:\Program Files\NetBeans-12.0\netbeans\groovy;C:\Program Files\NetBeans-12.0\netbeans\extra;C:\Program Files\NetBeans-12.0\netbeans\javacard;C:\Program Files\NetBeans-12.0\netbeans\javafx" />
    <property name="libs.hamcrest.maven-pom" value="" />
    <property name="javac.processorpath" value="" />
    <property name="libs.javaee-api-6.0.javadoc" value="C:\Program Files\NetBeans-12.0\netbeans\enterprise\docs\javaee-doc-api.jar" />
    <property name="libs.JWSAntTasks.maven-pom" value="" />
    <property name="platform.javac.tmp" value="${platforms.JDK_16.javac}" />
    <property name="run.modulepath" value="" />
    <property name="javac.upgrademodulepath" value="" />
    <property name="do.archive+manifest.available" value="true" />
    <property name="apple.laf.useScreenMenuBar" value="true" />
    <property name="user.country" value="ES" />
    <property name="sun.java.launcher" value="SUN_STANDARD" />
    <property name="libs.jpa20-persistence.src" value="" />
    <property name="libs.restapi.javadoc" value="" />
    <property name="endorsed.classpath" value="" />
    <property name="javac.test.sourcepath" value="C:\Users\kingo\Desktop\Pr치cticas-AEDII\Repaso\build\empty" />
    <property name="libs.spring-webmvc3.0.maven-pom" value="" />
    <property name="includes" value="**" />
    <property name="libs.jsf12.javadoc" value="C:\Program Files\NetBeans-12.0\netbeans\enterprise\docs\javaee-doc-api.jar" />
    <property name="libs.hamcrest.classpath" value="C:\Program Files\NetBeans-12.0\netbeans\platform\modules\ext\hamcrest-core-1.3.jar" />
    <property name="javadoc.splitindex" value="true" />
    <property name="libs.JWSAntTasks.classpath" value="C:\Program Files\NetBeans-12.0\netbeans\java\ant\extra\org-netbeans-modules-javawebstart-anttasks.jar" />
    <property name="junit.available" value="true" />
    <property name="javac.processormodulepath" value="" />
    <property name="javadoc.encoding" value="UTF-8" />
    <property name="netbeans.hash.code" value="unique=NB_EXTIDE_JAVA_WEBCOMMON_WEBEE060dd1d95-e098-4c66-a529-588d886253ab_10fe2996-d261-4d09-9415-cf58a715f037" />
    <property name="libs.jstl.src" value="" />
    <property name="libs.jsp-compilation-syscp.maven-pom" value="" />
    <property name="jlink.strip" value="false" />
    <property name="platform.javadoc" value="C:\Users\kingo\jdk-16.0.2/bin/javadoc" />
    <property name="libs.spring-webmvc3.0.classpath" value="" />
    <property name="java.runtime.name" value="Java(TM) SE Runtime Environment" />
    <property name="libs.jaxb.javadoc" value="C:\Program Files\NetBeans-12.0\netbeans\ide\docs\jaxb-api-doc.jar" />
    <property name="manifest.available" value="true" />
    <property name="libs.spring-framework500.maven-pom" value="" />
    <property name="run.jvmargs.ide" value="" />
    <property name="ant.core.lib" value="C:\Program Files\NetBeans-12.0\netbeans\extide\ant\lib\ant.jar" />
    <property name="libs.jsp-compilation.maven-pom" value="" />
    <property name="javac.profile.cmd.line.arg" value="" />
    <property name="do.archive+main.class.available" value="true" />
    <property name="application.title" value="Repaso" />
    <property name="javac.test.modulepath" value="" />
    <property name="ignore.failing.tests" value="true" />
    <property name="libs.PostgreSQLDriver.javadoc" value="" />
    <property name="libs.jsp-compilation-syscp.classpath" value="C:\Program Files\NetBeans-12.0\netbeans\extide\ant\lib\ant.jar;C:\Program Files\NetBeans-12.0\netbeans\enterprise\modules\ext\servlet3.1-jsp2.3-api.jar;C:\Program Files\NetBeans-12.0\netbeans\enterprise\modules\ext\glassfish-jspparser-4.0.jar;C:\Program Files\NetBeans-12.0\netbeans\enterprise\modules\ext\jstl-impl.jar;C:\Program Files\NetBeans-12.0\netbeans\enterprise\modules\ext\jsf-2_2\javax.faces.jar" />
    <property name="libs.jsp-compilation.classpath" value="C:\Program Files\NetBeans-12.0\netbeans\extide\ant\lib\ant.jar;C:\Program Files\NetBeans-12.0\netbeans\enterprise\modules\ext\servlet3.1-jsp2.3-api.jar;C:\Program Files\NetBeans-12.0\netbeans\enterprise\modules\ext\glassfish-jspparser-4.0.jar;C:\Program Files\NetBeans-12.0\netbeans\enterprise\modules\ext\jsf-2_2\javax.faces.jar;C:\Program Files\NetBeans-12.0\netbeans\enterprise\modules\ext\jstl-api.jar;C:\Program Files\NetBeans-12.0\netbeans\extide\ant\lib\ant-launcher.jar" />
    <property name="libs.javaee-api-6.0.classpath" value="C:\Program Files\NetBeans-12.0\netbeans\enterprise\modules\ext\javaee-api-6.0.jar" />
    <property name="javac.includesfile.binary" value="C:\Users\kingo\Desktop\Pr치cticas-AEDII\Repaso\null487704831" />
    <property name="libs.javaee-api-7.0.classpath" value="C:\Program Files\NetBeans-12.0\netbeans\enterprise\modules\ext\javaee-api-7.0.jar" />
    <property name="sun.cpu.isalist" value="amd64" />
    <property name="libs.restapi.maven-pom" value="" />
    <property name="javadoc.preview" value="true" />
    <property name="do.depend" value="false" />
    <property name="sun.arch.data.model" value="64" />
    <property name="nb.show.statistics.ui" value="usageStatisticsEnabled" />
    <property name="libs.javaee-endorsed-api-7.0.src" value="" />
    <property name="annotation.processing.enabled" value="true" />
    <property name="libs.junit_5.src" value="C:\Program Files\NetBeans-12.0\netbeans\platform\docs\junit-jupiter-api-5.6.0-sources.jar;C:\Program Files\NetBeans-12.0\netbeans\platform\docs\junit-jupiter-params-5.6.0-sources.jar;C:\Program Files\NetBeans-12.0\netbeans\platform\docs\junit-jupiter-engine-5.6.0-sources.jar" />
    <property name="libs.jaxb.classpath" value="C:\Program Files\NetBeans-12.0\netbeans\ide\modules\ext\jaxb\jaxb-impl.jar;C:\Program Files\NetBeans-12.0\netbeans\ide\modules\ext\jaxb\jaxb-xjc.jar;C:\Program Files\NetBeans-12.0\netbeans\ide\modules\ext\jaxb\jaxb1-impl.jar;C:\Program Files\NetBeans-12.0\netbeans\ide\modules\ext\jaxb\activation.jar;C:\Program Files\NetBeans-12.0\netbeans\ide\modules\ext\jaxb\api\jaxb-api.jar" />
    <property name="libs.javaee-api-8.0.classpath" value="C:\Program Files\NetBeans-12.0\netbeans\enterprise\modules\ext\javaee-api-8.0.jar" />
    <property name="libs.CopyLibs.src" value="" />
    <property name="javac.source" value="15" />
    <property name="java.specification.vendor" value="Oracle Corporation" />
    <property name="java.version.date" value="2021-07-20" />
    <property name="java.home" value="C:\Users\kingo\jdk-16.0.2" />
    <property name="work.dir" value="C:\Users\kingo\Desktop\Pr치cticas-AEDII\Repaso" />
    <property name="jna.boot.library.name" value="jnidispatch-nb" />
    <property name="javac.test.compilerargs" value="" />
    <property name="libs.PostgreSQLDriver.classpath" value="C:\Program Files\NetBeans-12.0\netbeans\ide\modules\ext\postgresql-42.2.10.jar" />
    <property name="libs.spring-webmvc3.0.javadoc" value="" />
    <property name="libs.JAXB-ENDORSED.src" value="" />
    <property name="manifest.encoding" value="UTF-8" />
    <property name="user.script" value="" />
    <property name="sun.management.compiler" value="HotSpot 64-Bit Tiered Compilers" />
    <property name="libs.spring-framework400.src" value="" />
    <property name="run.test.modulepath" value="" />
    <property name="libs.maven-dependencies.src" value="" />
    <property name="libs.javaee-web-api-6.0.classpath" value="C:\Program Files\NetBeans-12.0\netbeans\enterprise\modules\ext\javaee-web-api-6.0.jar" />
    <property name="libs.jsp-compiler.javadoc" value="" />
    <property name="debug.test.modulepath" value="" />
    <property name="libs.javaee-web-api-7.0.classpath" value="C:\Program Files\NetBeans-12.0\netbeans\enterprise\modules\ext\javaee-web-api-7.0.jar" />
    <property name="file.encoding" value="Cp1252" />
    <property name="java.util.logging.config.class" value="org.netbeans.core.startup.TopLogging" />
    <property name="https.nonProxyHosts" value="localhost|127.0.0.1|LAPTOP-TBJLJJJQ" />
    <property name="libs.restlib.javadoc" value="" />
    <property name="libs.absolutelayout.classpath" value="C:\Program Files\NetBeans-12.0\netbeans\java\modules\ext\AbsoluteLayout.jar" />
    <property name="do.archive" value="true" />
    <property name="libs.struts.maven-pom" value="" />
    <property name="ant.file.type.Repaso" value="file" />
    <property name="built-jar.properties" value="C:\Users\kingo\Desktop\Pr치cticas-AEDII\Repaso\build\built-jar.properties" />
    <property name="nb.native.filechooser" value="false" />
    <property name="libs.testng.src" value="" />
    <property name="libs.javaee-web-api-8.0.classpath" value="C:\Program Files\NetBeans-12.0\netbeans\enterprise\modules\ext\javaee-web-api-8.0.jar" />
    <property name="platform.active" value="JDK_16" />
    <property name="manifest.file" value="manifest.mf" />
    <property name="sun.io.unicode.encoding" value="UnicodeLittle" />
    <property name="libs.struts.javadoc" value="C:\Program Files\NetBeans-12.0\netbeans\enterprise\docs\struts-1.3.10-javadoc.zip" />
    <property name="default.javac.source" value="15" />
    <property name="libs.javaee-web-api-8.0.javadoc" value="C:\Program Files\NetBeans-12.0\netbeans\enterprise\docs\javaee-doc-api.jar" />
    <property name="netbeans.dynamic.classpath" value="C:\Users\kingo\AppData\Roaming\NetBeans\12.0\core\org-openide-filesystems-compat8.jar;C:\Program Files\NetBeans-12.0\netbeans\platform\core\asm-7.2.jar;C:\Program Files\NetBeans-12.0\netbeans\platform\core\asm-commons-7.2.jar;C:\Program Files\NetBeans-12.0\netbeans\platform\core\asm-tree-7.2.jar;C:\Program Files\NetBeans-12.0\netbeans\platform\core\core-base.jar;C:\Program Files\NetBeans-12.0\netbeans\platform\core\core.jar;C:\Program Files\NetBeans-12.0\netbeans\platform\core\org-netbeans-libs-asm.jar;C:\Program Files\NetBeans-12.0\netbeans\platform\core\org-openide-filesystems.jar;C:\Program Files\NetBeans-12.0\netbeans\nb\core\org-netbeans-upgrader.jar;C:\Program Files\NetBeans-12.0\netbeans\nb\core\locale\core_nb.jar" />
    <property name="libs.eclipselinkmodelgen.classpath" value="C:\Program Files\NetBeans-12.0\netbeans\java\modules\ext\eclipselink\org.eclipse.persistence.jpa.modelgen.processor-2.5.2.jar" />
    <property name="javac.systemmodulepath.cmd.line.arg" value="" />
    <property name="platforms.JDK_16.compiler" value="modern" />
    <property name="netbeans.buildnumber" value="12.0-u2-ba34c2dabd3091a6ee93cfde08a653816a7e19ea" />
    <property name="endorsed.classpath.cmd.line.arg" value="" />
    <property name="libs.jpa20-persistence.maven-pom" value="" />
    <property name="os.name" value="Windows 10" />
    <property name="build.sysclasspath" value="ignore" />
    <property name="libs.CopyLibs.maven-pom" value="" />
    <property name="javadoc.author" value="false" />
    <property name="http.nonProxyHosts" value="localhost|127.0.0.1|LAPTOP-TBJLJJJQ" />
    <property name="main.class" value="repaso.Repaso" />
    <property name="libs.jsp-compilation-syscp.javadoc" value="" />
    <property name="source.encoding" value="UTF-8" />
    <property name="jar.compress" value="false" />
    <property name="libs.javaee-api-7.0.javadoc" value="C:\Program Files\NetBeans-12.0\netbeans\enterprise\docs\javaee-doc-api.jar" />
    <property name="libs.spring-webmvc5.0.src" value="" />
    <property name="libs.jsf20.maven-pom" value="" />
    <property name="libs.restlib.classpath" value="C:\Program Files\NetBeans-12.0\netbeans\enterprise\modules\ext\jersey2\ext\asm-all-repackaged-2.2.0-b21.jar;C:\Program Files\NetBeans-12.0\netbeans\enterprise\modules\ext\jersey2\ext\cglib-2.2.0-b21.jar;C:\Program Files\NetBeans-12.0\netbeans\enterprise\modules\ext\jersey2\ext\guava-14.0.1.jar;C:\Program Files\NetBeans-12.0\netbeans\enterprise\modules\ext\jersey2\ext\hk2-api-2.2.0-b21.jar;C:\Program Files\NetBeans-12.0\netbeans\enterprise\modules\ext\jersey2\ext\hk2-locator-2.2.0-b21.jar;C:\Program Files\NetBeans-12.0\netbeans\enterprise\modules\ext\jersey2\ext\hk2-utils-2.2.0-b21.jar;C:\Program Files\NetBeans-12.0\netbeans\enterprise\modules\ext\jersey2\ext\javax.annotation-api-1.2.jar;C:\Program Files\NetBeans-12.0\netbeans\enterprise\modules\ext\jersey2\ext\javax.inject-2.2.0-b21.jar;C:\Program Files\NetBeans-12.0\netbeans\enterprise\modules\ext\jersey2\ext\javax.servlet-api-3.0.1.jar;C:\Program Files\NetBeans-12.0\netbeans\enterprise\modules\ext\jersey2\ext\jaxb-api-2.2.7.jar;C:\Program Files\NetBeans-12.0\netbeans\enterprise\modules\ext\jersey2\ext\jersey-entity-filtering-2.5.1.jar;C:\Program Files\NetBeans-12.0\netbeans\enterprise\modules\ext\jersey2\ext\jersey-media-moxy-2.5.1.jar;C:\Program Files\NetBeans-12.0\netbeans\enterprise\modules\ext\jersey2\ext\org.osgi.core-4.2.0.jar;C:\Program Files\NetBeans-12.0\netbeans\enterprise\modules\ext\jersey2\ext\osgi-resource-locator-1.0.1.jar;C:\Program Files\NetBeans-12.0\netbeans\enterprise\modules\ext\jersey2\ext\persistence-api-1.0.jar;C:\Program Files\NetBeans-12.0\netbeans\enterprise\modules\ext\jersey2\ext\validation-api-1.1.0.Final.jar;C:\Program Files\NetBeans-12.0\netbeans\enterprise\modules\ext\jersey2\jersey-client.jar;C:\Program Files\NetBeans-12.0\netbeans\enterprise\modules\ext\jersey2\jersey-common.jar;C:\Program Files\NetBeans-12.0\netbeans\enterprise\modules\ext\jersey2\jersey-container-servlet.jar;C:\Program Files\NetBeans-12.0\netbeans\enterprise\modules\ext\jersey2\jersey-container-servlet-core.jar;C:\Program Files\NetBeans-12.0\netbeans\enterprise\modules\ext\jersey2\jersey-server.jar;C:\Program Files\NetBeans-12.0\netbeans\java\modules\ext\eclipselink\org.eclipse.persistence.core-2.5.2.jar;C:\Program Files\NetBeans-12.0\netbeans\java\modules\ext\eclipselink\org.eclipse.persistence.asm-2.5.2.jar;C:\Program Files\NetBeans-12.0\netbeans\java\modules\ext\eclipselink\org.eclipse.persistence.antlr-2.5.2.jar;C:\Program Files\NetBeans-12.0\netbeans\java\modules\ext\eclipselink\org.eclipse.persistence.jpa-2.5.2.jar;C:\Program Files\NetBeans-12.0\netbeans\java\modules\ext\eclipselink\org.eclipse.persistence.jpa.jpql-2.5.2.jar" />
    <property name="apple.awt.graphics.UseQuartz" value="true" />
    <property name="run.jvmargs" value="" />
    <property name="libs.primefaces.src" value="" />
    <property name="ant.file" value="C:\Users\kingo\Desktop\Pr치cticas-AEDII\Repaso\build.xml" />
    <property name="libs.struts.src" value="" />
    <property name="path.separator" value=";" />
    <property name="libs.JAXB-ENDORSED.classpath" value="C:\Program Files\NetBeans-12.0\netbeans\ide\modules\ext\jaxb\api\jaxb-api.jar" />
    <property name="libs.restlib.src" value="" />
    <property name="ant.file.Repaso-impl" value="C:\Users\kingo\Desktop\Pr치cticas-AEDII\Repaso\nbproject\build-impl.xml" />
    <property name="platforms.JDK_16.bootclasspath" value="C:\Users\kingo\jdk-16.0.2\!/modules/java.base/;C:\Users\kingo\jdk-16.0.2\!/modules/java.compiler/;C:\Users\kingo\jdk-16.0.2\!/modules/java.datatransfer/;C:\Users\kingo\jdk-16.0.2\!/modules/java.desktop/;C:\Users\kingo\jdk-16.0.2\!/modules/java.instrument/;C:\Users\kingo\jdk-16.0.2\!/modules/java.logging/;C:\Users\kingo\jdk-16.0.2\!/modules/java.management/;C:\Users\kingo\jdk-16.0.2\!/modules/java.management.rmi/;C:\Users\kingo\jdk-16.0.2\!/modules/java.naming/;C:\Users\kingo\jdk-16.0.2\!/modules/java.net.http/;C:\Users\kingo\jdk-16.0.2\!/modules/java.prefs/;C:\Users\kingo\jdk-16.0.2\!/modules/java.rmi/;C:\Users\kingo\jdk-16.0.2\!/modules/java.scripting/;C:\Users\kingo\jdk-16.0.2\!/modules/java.se/;C:\Users\kingo\jdk-16.0.2\!/modules/java.security.jgss/;C:\Users\kingo\jdk-16.0.2\!/modules/java.security.sasl/;C:\Users\kingo\jdk-16.0.2\!/modules/java.smartcardio/;C:\Users\kingo\jdk-16.0.2\!/modules/java.sql/;C:\Users\kingo\jdk-16.0.2\!/modules/java.sql.rowset/;C:\Users\kingo\jdk-16.0.2\!/modules/java.transaction.xa/;C:\Users\kingo\jdk-16.0.2\!/modules/java.xml/;C:\Users\kingo\jdk-16.0.2\!/modules/java.xml.crypto/;C:\Users\kingo\jdk-16.0.2\!/modules/jdk.accessibility/;C:\Users\kingo\jdk-16.0.2\!/modules/jdk.attach/;C:\Users\kingo\jdk-16.0.2\!/modules/jdk.charsets/;C:\Users\kingo\jdk-16.0.2\!/modules/jdk.compiler/;C:\Users\kingo\jdk-16.0.2\!/modules/jdk.crypto.cryptoki/;C:\Users\kingo\jdk-16.0.2\!/modules/jdk.crypto.ec/;C:\Users\kingo\jdk-16.0.2\!/modules/jdk.crypto.mscapi/;C:\Users\kingo\jdk-16.0.2\!/modules/jdk.dynalink/;C:\Users\kingo\jdk-16.0.2\!/modules/jdk.editpad/;C:\Users\kingo\jdk-16.0.2\!/modules/jdk.hotspot.agent/;C:\Users\kingo\jdk-16.0.2\!/modules/jdk.httpserver/;C:\Users\kingo\jdk-16.0.2\!/modules/jdk.incubator.foreign/;C:\Users\kingo\jdk-16.0.2\!/modules/jdk.incubator.vector/;C:\Users\kingo\jdk-16.0.2\!/modules/jdk.internal.ed/;C:\Users\kingo\jdk-16.0.2\!/modules/jdk.internal.jvmstat/;C:\Users\kingo\jdk-16.0.2\!/modules/jdk.internal.le/;C:\Users\kingo\jdk-16.0.2\!/modules/jdk.internal.opt/;C:\Users\kingo\jdk-16.0.2\!/modules/jdk.internal.vm.ci/;C:\Users\kingo\jdk-16.0.2\!/modules/jdk.jartool/;C:\Users\kingo\jdk-16.0.2\!/modules/jdk.javadoc/;C:\Users\kingo\jdk-16.0.2\!/modules/jdk.jcmd/;C:\Users\kingo\jdk-16.0.2\!/modules/jdk.jconsole/;C:\Users\kingo\jdk-16.0.2\!/modules/jdk.jdeps/;C:\Users\kingo\jdk-16.0.2\!/modules/jdk.jdi/;C:\Users\kingo\jdk-16.0.2\!/modules/jdk.jdwp.agent/;C:\Users\kingo\jdk-16.0.2\!/modules/jdk.jfr/;C:\Users\kingo\jdk-16.0.2\!/modules/jdk.jlink/;C:\Users\kingo\jdk-16.0.2\!/modules/jdk.jpackage/;C:\Users\kingo\jdk-16.0.2\!/modules/jdk.jshell/;C:\Users\kingo\jdk-16.0.2\!/modules/jdk.jsobject/;C:\Users\kingo\jdk-16.0.2\!/modules/jdk.jstatd/;C:\Users\kingo\jdk-16.0.2\!/modules/jdk.localedata/;C:\Users\kingo\jdk-16.0.2\!/modules/jdk.management/;C:\Users\kingo\jdk-16.0.2\!/modules/jdk.management.agent/;C:\Users\kingo\jdk-16.0.2\!/modules/jdk.management.jfr/;C:\Users\kingo\jdk-16.0.2\!/modules/jdk.naming.dns/;C:\Users\kingo\jdk-16.0.2\!/modules/jdk.naming.rmi/;C:\Users\kingo\jdk-16.0.2\!/modules/jdk.net/;C:\Users\kingo\jdk-16.0.2\!/modules/jdk.nio.mapmode/;C:\Users\kingo\jdk-16.0.2\!/modules/jdk.sctp/;C:\Users\kingo\jdk-16.0.2\!/modules/jdk.security.auth/;C:\Users\kingo\jdk-16.0.2\!/modules/jdk.security.jgss/;C:\Users\kingo\jdk-16.0.2\!/modules/jdk.unsupported/;C:\Users\kingo\jdk-16.0.2\!/modules/jdk.unsupported.desktop/;C:\Users\kingo\jdk-16.0.2\!/modules/jdk.xml.dom/;C:\Users\kingo\jdk-16.0.2\!/modules/jdk.zipfs/" />
    <property name="build.test.results.dir" value="build/test/results" />
    <property name="libs.jaxws21.javadoc" value="C:\Program Files\NetBeans-12.0\netbeans\java\docs\jaxws-api-doc.zip" />
    <property name="libs.spring-framework400.maven-pom" value="" />
    <property name="ap.processors.internal" value="" />
    <property name="module.name" value="" />
    <property name="libs.jsf12.classpath" value="C:\Program Files\NetBeans-12.0\netbeans\enterprise\modules\ext\jsf-1_2\jsf-api.jar;C:\Program Files\NetBeans-12.0\netbeans\enterprise\modules\ext\jsf-1_2\jsf-impl.jar" />
    <property name="libs.spring-webmvc5.0.javadoc" value="" />
    <property name="libs.hamcrest.javadoc" value="" />
    <property name="libs.spring-framework400.javadoc" value="" />
    <property name="libs.javac-api.src" value="" />
    <property name="platform.javadoc.tmp" value="${platforms.JDK_16.javadoc}" />
    <property name="do.jar" value="true" />
    <property name="java.vm.info" value="mixed mode, sharing" />
    <property name="libs.primefaces.classpath" value="C:\Program Files\NetBeans-12.0\netbeans\enterprise\modules\ext\primefaces\primefaces-5.0.jar" />
    <property name="libs.jaxws21.maven-pom" value="" />
    <property name="run.test.classpath" value=":build/classes:C:\Program Files\NetBeans-12.0\netbeans\platform\modules\ext\junit-4.12.jar:C:\Program Files\NetBeans-12.0\netbeans\platform\modules\ext\hamcrest-core-1.3.jar:build/test/classes" />
    <property name="dist.jlink.output" value="dist/jlink/Repaso" />
    <property name="javadoc.encoding.used" value="UTF-8" />
    <property name="java.class.version" value="60.0" />
    <property name="src.dir" value="src" />
    <property name="debug.classpath" value=":build/classes" />
    <property name="ant.project.default-target" value="default" />
    <property name="excludes" value="" />
    <property name="libs.javaee-api-7.0.src" value="" />
    <property name="platform.java.tmp" value="${platforms.JDK_16.java}" />
    <property name="sun.jnu.encoding" value="Cp1252" />
    <property name="run.test.jvmargs" value="" />
    <property name="libs.junit_4.javadoc" value="C:\Program Files\NetBeans-12.0\netbeans\platform\docs\junit-4.12-javadoc.jar" />
    <property name="libs.spring-webmvc4.0.src" value="" />
    <property name="sun.java2d.dpiaware" value="true" />
    <property name="main.class.available" value="true" />
    <property name="libs.jsf20.javadoc" value="C:\Program Files\NetBeans-12.0\netbeans\enterprise\docs\javaee-doc-api.jar" />
    <property name="netbeans.importclass" value="org.netbeans.upgrade.AutoUpgrade" />
    <property name="netbeans.autoupdate.version" value="1.23" />
    <property name="empty.dir" value="C:\Users\kingo\Desktop\Pr치cticas-AEDII\Repaso\build\empty" />
    <property name="netbeans.user" value="C:\Users\kingo\AppData\Roaming\NetBeans\12.0" />
    <property name="javac.includes.binary" value="C:\Users\kingo\Desktop\Pr치cticas-AEDII\Repaso\build\test\classes\repaso\RepasoTest.class" />
    <property name="file.separator" value="\" />
    <property name="line.separator" value="&#xd;&#xa;" />
    <property name="javadoc.additionalparam" value="" />
    <property name="libs.spring-webmvc5.0.classpath" value="C:\Program Files\NetBeans-12.0\netbeans\java\modules\ext\spring-5\spring-webmvc-5.2.2.RELEASE.jar" />
    <property name="javac.debug" value="true" />
    <property name="libs.restlib.maven-pom" value="" />
    <property name="libs.testng.classpath" value="C:\Program Files\NetBeans-12.0\netbeans\platform\modules\ext\testng-6.8.1-dist.jar" />
    <property name="libs.jsp-compiler.src" value="" />
    <property name="user.name" value="kingo" />
    <property name="build.classes.dir" value="build/classes" />
    <property name="libs.maven-dependencies.javadoc" value="C:\Program Files\NetBeans-12.0\netbeans\enterprise\docs\javaee-doc-api.jar" />
    <property name="nb.junit.single" value="false" />
    <property name="javadoc.windowtitle" value="" />
    <property name="nb.internal.action.name" value="test.single" />
    <property name="libs.javaee-api-8.0.maven-pom" value="" />
    <property name="platforms.JDK_16.home" value="C:\Users\kingo\jdk-16.0.2" />
    <property name="libs.jaxws21.src" value="" />
    <property name="libs.maven-dependencies.classpath" value="C:\Program Files\NetBeans-12.0\netbeans\enterprise\modules\ext\javaee6-endorsed\javax.annotation.jar;C:\Program Files\NetBeans-12.0\netbeans\enterprise\modules\ext\javaee6-endorsed\jaxb-api-osgi.jar;C:\Program Files\NetBeans-12.0\netbeans\enterprise\modules\ext\javaee6-endorsed\webservices-api-osgi.jar" />
    <property name="jna.loaded" value="true" />
    <property name="libs.junit_5.maven-pom" value="" />
    <property name="libs.jpa20-persistence.javadoc" value="C:\Program Files\NetBeans-12.0\netbeans\java\modules\ext\docs\javax.persistence-2.1.0-doc.zip" />
    <property name="ant.junit.enabletestlistenerevents" value="true" />
    <property name="libs.JWSAntTasks.src" value="" />
    <property name="libs.spring-webmvc3.0.src" value="" />
    <property name="ant.home" value="C:\Program Files\NetBeans-12.0\netbeans\extide\ant" />
    <property name="have.tests" value="true" />
    <property name="debug.test.classpath" value=":build/classes:C:\Program Files\NetBeans-12.0\netbeans\platform\modules\ext\junit-4.12.jar:C:\Program Files\NetBeans-12.0\netbeans\platform\modules\ext\hamcrest-core-1.3.jar:build/test/classes" />
    <property name="javac.external.vm" value="true" />
    <property name="testng.debug.mode" value="" />
    <property name="javac.target" value="15" />
    <property name="ant.version" value="Apache Ant(TM) version 1.10.4 compiled on June 19 2018" />
    <property name="libs.absolutelayout.maven-pom" value="" />
    <property name="jdk.gtk.version" value="2.2" />
    <property name="java.failonerror" value="true" />
    <property name="libs.spring-framework500.src" value="" />
    <property name="javac.modulepath" value="" />
    <property name="libs.javaee-api-6.0.src" value="" />
    <property name="user.properties.file" value="C:\Users\kingo\AppData\Roaming\NetBeans\12.0\build.properties" />
    <property name="javac.includes" value="repaso/RepasoTest.java" />
    <property name="netbeans.autoupdate.country" value="ES" />
    <property name="java.class.path" value="C:\Users\kingo\Desktop\Pr치cticas-AEDII\Repaso\build\classes;C:\Program Files\NetBeans-12.0\netbeans\platform\modules\ext\junit-4.12.jar;C:\Program Files\NetBeans-12.0\netbeans\platform\modules\ext\hamcrest-core-1.3.jar;C:\Users\kingo\Desktop\Pr치cticas-AEDII\Repaso\build\test\classes;C:\Program Files\NetBeans-12.0\netbeans\extide\ant\lib\ant-launcher.jar;C:\Program Files\NetBeans-12.0\netbeans\extide\ant\lib\ant.jar;C:\Program Files\NetBeans-12.0\netbeans\extide\ant\lib\ant-junit.jar;C:\Program Files\NetBeans-12.0\netbeans\extide\ant\lib\ant-junit4.jar" />
    <property name="libs.javaee-web-api-6.0.maven-pom" value="" />
    <property name="java.vm.vendor" value="Oracle Corporation" />
    <property name="ap.supported.internal" value="true" />
    <property name="user.variant" value="" />
    <property name="netbeans.home+have.tests" value="true" />
    <property name="test.binaryexcludes" value="" />
    <property name="javac.compilerargs" value="" />
    <property name="libs.jstl.maven-pom" value="" />
    <property name="sun.cpu.endian" value="little" />
    <property name="libs.junit_4.src" value="C:\Program Files\NetBeans-12.0\netbeans\platform\docs\junit-4.12-sources.jar" />
    <property name="user.language" value="es" />
    <property name="copylibs.rebase" value="true" />
    <property name="libs.javaee-web-api-6.0.src" value="" />
    <property name="maven.defaultProjectBuilder.disableGlobalModelCache" value="true" />
    <property name="javadoc.nonavbar" value="false" />
    <property name="libs.javaee-api-8.0.src" value="" />
    <property name="ant.java.version" value="15" />
    <property name="libs.junit_4.classpath" value="C:\Program Files\NetBeans-12.0\netbeans\platform\modules\ext\junit-4.12.jar" />
    <property name="ant.file.Repaso" value="C:\Users\kingo\Desktop\Pr치cticas-AEDII\Repaso\build.xml" />
    <property name="jlink.launcher.name" value="Repaso" />
    <property name="test.binarytestincludes" value="" />
    <property name="sun.awt.keepWorkingSetOnMinimize" value="true" />
    <property name="libs.spring-webmvc5.0.maven-pom" value="" />
    <property name="libs.junit_4.maven-pom" value="" />
    <property name="libs.jsp-compiler.maven-pom" value="" />
    <property name="runtime.encoding" value="UTF-8" />
    <property name="jlink.additionalmodules" value="" />
    <property name="javac.classpath" value="" />
    <property name="dist.jlink.dir" value="dist/jlink" />
    <property name="nb.junit.batch" value="true" />
    <property name="build.test.classes.dir" value="build/test/classes" />
    <property name="libs.spring-framework300.maven-pom" value="" />
    <property name="ant.project.invoked-targets" value="test-single" />
    <property name="libs.jstl.classpath" value="C:\Program Files\NetBeans-12.0\netbeans\enterprise\modules\ext\jstl-impl.jar;C:\Program Files\NetBeans-12.0\netbeans\enterprise\modules\ext\jstl-api.jar" />
    <property name="ap.cmd.line.internal" value="" />
    <property name="libs.PostgreSQLDriver.src" value="" />
    <property name="platform.compiler" value="${platforms.JDK_16.compile}" />
    <property name="java.vendor.url.bug" value="https://bugreport.java.com/bugreport/" />
    <property name="annotation.processing.source.output" value="build/generated-sources/ap-source-output" />
    <property name="user.dir" value="C:\Users\kingo\Desktop\Pr치cticas-AEDII\Repaso" />
    <property name="platform.java" value="C:\Users\kingo\jdk-16.0.2/bin/java" />
    <property name="application.args" value="" />
    <property name="org.xml.sax.driver" value="com.sun.org.apache.xerces.internal.jaxp.SAXParserImpl$JAXPSAXParser" />
    <property name="libs.eclipselink.src" value="" />
    <property name="java.vm.version" value="16.0.2+7-67" />
    <property name="libs.metro.javadoc" value="C:\Program Files\NetBeans-12.0\netbeans\enterprise\docs\webservices-api-javadoc.jar;C:\Program Files\NetBeans-12.0\netbeans\enterprise\docs\webservices-extra-javadoc.jar;C:\Program Files\NetBeans-12.0\netbeans\enterprise\docs\webservices-extra-api-javadoc.jar;C:\Program Files\NetBeans-12.0\netbeans\enterprise\docs\webservices-rt-javadoc.jar;C:\Program Files\NetBeans-12.0\netbeans\enterprise\docs\webservices-tools-javadoc.jar" />
    <property name="test.class" value="repaso.RepasoTest" />
    <property name="sun.awt.datatransfer.timeout" value="1000" />
    <property name="libs.jsp-compiler.classpath" value="C:\Program Files\NetBeans-12.0\netbeans\enterprise\ant\extra\jspcompile.jar" />
    <property name="junit.forkmode" value="perTest" />
    <property name="libs.javaee-web-api-7.0.src" value="" />
    <property name="annotation.processing.run.all.processors" value="true" />
  </properties>
  <testcase classname="repaso.RepasoTest" name="testInvertArray" time="0.007" />
  <testcase classname="repaso.RepasoTest" name="testMcd" time="0.0" />
  <testcase classname="repaso.RepasoTest" name="testSumArray" time="0.0" />
  <testcase classname="repaso.RepasoTest" name="testFactorial" time="0.0" />
  <testcase classname="repaso.RepasoTest" name="testMinimum" time="0.012">
    <failure message="expected:&lt;2&gt; but was:&lt;4&gt;" type="junit.framework.AssertionFailedError">junit.framework.AssertionFailedError: expected:&lt;2&gt; but was:&lt;4&gt;
	at repaso.RepasoTest.testMinimum(RepasoTest.java:81)
	at java.base/jdk.internal.reflect.NativeMethodAccessorImpl.invoke0(Native Method)
	at java.base/jdk.internal.reflect.NativeMethodAccessorImpl.invoke(NativeMethodAccessorImpl.java:78)
	at java.base/jdk.internal.reflect.DelegatingMethodAccessorImpl.invoke(DelegatingMethodAccessorImpl.java:43)
</failure>
  </testcase>
  <testcase classname="repaso.RepasoTest" name="testSumDigits" time="0.0" />
  <testcase classname="repaso.RepasoTest" name="testInvert" time="0.0" />
  <testcase classname="repaso.RepasoTest" name="testSquare" time="0.0" />
  <system-out><![CDATA[Reverse the elements of {2, 4, 6, 8}
Compute Greatest Common Factor of 22 and 12
Sum the elements of {2, 4, 6, 8}
Compute the factorial of 4
Identifies the lowest value for {4, 3, 6, 2, 8}
Summate the digits of 1111
Reverse the word 'ejemplo'
Compute the square number of 5
]]></system-out>
  <system-err><![CDATA[]]></system-err>
</testsuite>
